<?xml version="1.0" encoding="UTF-8"?>
<!-- Generated by org.testng.reporters.JUnitReportReporter -->
<testsuite hostname="DESKTOP-FJ7H3QO" failures="0" tests="1" name="mainClass" time="9.908" errors="0" timestamp="2024-12-07T19:13:23 IST" skipped="0">
  <testcase classname="mainClass" name="test" time="9.908"/>
</testsuite> <!-- mainClass -->
